timestamp: 2013-08-26T23:52:37.269371
CREATE TABLE auth_user(
    id INTEGER PRIMARY KEY AUTOINCREMENT,
    first_name CHAR(128),
    last_name CHAR(128),
    email CHAR(512),
    password CHAR(512),
    registration_key CHAR(512),
    reset_password_key CHAR(512),
    registration_id CHAR(512)
);
success!
timestamp: 2013-08-26T23:52:37.410173
CREATE TABLE auth_group(
    id INTEGER PRIMARY KEY AUTOINCREMENT,
    role CHAR(512),
    description TEXT
);
success!
timestamp: 2013-08-26T23:52:37.533958
CREATE TABLE auth_membership(
    id INTEGER PRIMARY KEY AUTOINCREMENT,
    user_id INTEGER REFERENCES auth_user (id) ON DELETE CASCADE,
    group_id INTEGER REFERENCES auth_group (id) ON DELETE CASCADE
);
success!
timestamp: 2013-08-26T23:52:37.668157
CREATE TABLE auth_permission(
    id INTEGER PRIMARY KEY AUTOINCREMENT,
    group_id INTEGER REFERENCES auth_group (id) ON DELETE CASCADE,
    name CHAR(512),
    table_name CHAR(512),
    record_id INTEGER
);
success!
timestamp: 2013-08-26T23:52:37.792256
CREATE TABLE auth_event(
    id INTEGER PRIMARY KEY AUTOINCREMENT,
    time_stamp TIMESTAMP,
    client_ip CHAR(512),
    user_id INTEGER REFERENCES auth_user (id) ON DELETE CASCADE,
    origin CHAR(512),
    description TEXT
);
success!
timestamp: 2013-08-26T23:52:37.915630
CREATE TABLE auth_cas(
    id INTEGER PRIMARY KEY AUTOINCREMENT,
    user_id INTEGER REFERENCES auth_user (id) ON DELETE CASCADE,
    created_on TIMESTAMP,
    service CHAR(512),
    ticket CHAR(512),
    renew CHAR(1)
);
success!
timestamp: 2013-08-26T23:54:04.417850
CREATE TABLE news(
    id INTEGER PRIMARY KEY AUTOINCREMENT,
    heading CHAR(512),
    url CHAR(512),
    category_id CHAR(512),
    ntype CHAR(512),
    user_id CHAR(512),
    rating INTEGER
);
success!
timestamp: 2013-08-26T23:54:04.567896
CREATE TABLE rating(
    id INTEGER PRIMARY KEY AUTOINCREMENT,
    news_id CHAR(512),
    rater_id CHAR(512),
    liked CHAR(512),
    disliked CHAR(512)
);
success!
timestamp: 2013-08-26T23:56:03.243370
CREATE TABLE comments(
    id INTEGER PRIMARY KEY AUTOINCREMENT,
    news_id CHAR(512),
    commentor CHAR(512),
    body CHAR(512)
);
success!
timestamp: 2013-08-26T23:56:03.390868
CREATE TABLE category(
    id INTEGER PRIMARY KEY AUTOINCREMENT,
    name CHAR(512)
);
success!
timestamp: 2013-08-27T21:15:10.860913
ALTER TABLE news ADD pres_time CHAR(512);
timestamp: 2013-08-27T22:02:40.287118
ALTER TABLE news ADD user_name CHAR(512);
timestamp: 2013-08-28T21:04:53.233434
ALTER TABLE comments ADD comm_time CHAR(512);
