[2013-03-22 22:01:49] START
[2013-03-22 22:03:42] EDIT RESUME_BUILDER/models/db.py: 3
[2013-03-22 22:04:05] EDIT RESUME_BUILDER/controllers/default.py: 1
[2013-03-22 22:05:12] EDIT RESUME_BUILDER/controllers/default.py: 1
[2013-03-22 22:05:44] EDIT RESUME_BUILDER/models/db.py: 0
[2013-03-22 22:06:17] EDIT RESUME_BUILDER/controllers/default.py: 0
[2013-03-22 22:21:47] EDIT RESUME_BUILDER/models/db.py: 8
[2013-03-22 22:25:32] EDIT RESUME_BUILDER/models/db.py: 0
[2013-03-22 22:25:32] EDIT RESUME_BUILDER/models/db.py: 0
[2013-03-22 23:00:43] EDIT RESUME_BUILDER/models/db.py: 15
[2013-03-22 23:01:43] EDIT RESUME_BUILDER/controllers/default.py: 1
[2013-03-22 23:02:49] EDIT RESUME_BUILDER/controllers/default.py: 0
[2013-03-22 23:06:18] EDIT RESUME_BUILDER/models/db.py: 0
[2013-03-22 23:07:00] EDIT RESUME_BUILDER/models/db.py: -3
[2013-03-22 23:08:03] EDIT RESUME_BUILDER/models/db.py: 0
[2013-03-22 23:09:26] EDIT RESUME_BUILDER/models/db.py: 0
[2013-03-22 23:11:01] EDIT RESUME_BUILDER/models/db.py: 0
[2013-03-22 23:11:03] EDIT RESUME_BUILDER/models/db.py: 0
[2013-03-22 23:12:10] EDIT RESUME_BUILDER/controllers/default.py: 0
[2013-03-22 23:12:11] EDIT RESUME_BUILDER/controllers/default.py: 0
[2013-03-22 23:12:14] EDIT RESUME_BUILDER/models/db.py: 0
[2013-03-22 23:12:14] EDIT RESUME_BUILDER/models/db.py: 0
[2013-03-22 23:12:14] EDIT RESUME_BUILDER/models/db.py: 0
[2013-03-22 23:13:20] EDIT RESUME_BUILDER/models/db.py: 0
[2013-03-22 23:13:20] EDIT RESUME_BUILDER/models/db.py: 0
[2013-03-22 23:13:20] EDIT RESUME_BUILDER/models/db.py: 0
[2013-03-22 23:13:20] EDIT RESUME_BUILDER/models/db.py: 0
[2013-03-22 23:13:21] EDIT RESUME_BUILDER/models/db.py: 0
[2013-03-22 23:14:08] EDIT RESUME_BUILDER/models/db.py: 0
[2013-03-22 23:16:28] EDIT RESUME_BUILDER/models/db.py: 0
[2013-03-22 23:16:29] EDIT RESUME_BUILDER/models/db.py: 0
[2013-03-22 23:16:29] EDIT RESUME_BUILDER/models/db.py: 0
[2013-03-22 23:17:00] EDIT RESUME_BUILDER/models/db.py: 0
[2013-03-22 23:17:00] EDIT RESUME_BUILDER/models/db.py: 0
[2013-03-22 23:17:01] EDIT RESUME_BUILDER/models/db.py: 0
[2013-03-22 23:31:19] EDIT RESUME_BUILDER/models/db.py: -1
[2013-03-22 23:31:22] EDIT RESUME_BUILDER/models/db.py: 0
[2013-03-22 23:31:22] EDIT RESUME_BUILDER/models/db.py: 0
[2013-03-22 23:31:22] EDIT RESUME_BUILDER/models/db.py: 0
[2013-03-22 23:31:23] EDIT RESUME_BUILDER/models/db.py: 0
[2013-03-22 23:31:27] EDIT RESUME_BUILDER/models/db.py: 0
[2013-03-22 23:31:28] EDIT RESUME_BUILDER/models/db.py: 0
[2013-03-22 23:31:28] EDIT RESUME_BUILDER/models/db.py: 0
[2013-03-23 00:46:10] EDIT RESUME_BUILDER/controllers/default.py: 0
[2013-03-23 21:15:42] EDIT RESUME_BUILDER/models/db.py: 0
[2013-03-23 21:16:04] EDIT RESUME_BUILDER/models/db.py: 0
[2013-03-23 21:16:12] EDIT RESUME_BUILDER/models/db.py: 0
[2013-03-24 14:28:56] EDIT RESUME_BUILDER/models/db.py: 0
[2013-03-24 14:33:52] EDIT RESUME_BUILDER/controllers/default.py: 13
[2013-03-24 14:49:59] EDIT RESUME_BUILDER/controllers/default.py: 12
[2013-03-24 14:50:07] EDIT RESUME_BUILDER/controllers/default.py: 0
[2013-03-24 14:50:08] EDIT RESUME_BUILDER/controllers/default.py: 0
[2013-03-24 14:50:08] EDIT RESUME_BUILDER/controllers/default.py: 0
[2013-03-24 14:50:08] EDIT RESUME_BUILDER/controllers/default.py: 0
[2013-03-24 14:50:08] EDIT RESUME_BUILDER/controllers/default.py: 0
[2013-03-24 14:50:09] EDIT RESUME_BUILDER/controllers/default.py: 0
[2013-03-24 14:54:42] EDIT RESUME_BUILDER/controllers/default.py: 0
[2013-03-24 14:54:42] EDIT RESUME_BUILDER/controllers/default.py: 0
[2013-03-24 14:54:43] EDIT RESUME_BUILDER/controllers/default.py: 0
[2013-03-24 14:55:33] EDIT RESUME_BUILDER/controllers/default.py: 0
[2013-03-24 14:55:33] EDIT RESUME_BUILDER/controllers/default.py: 0
[2013-03-24 14:55:34] EDIT RESUME_BUILDER/controllers/default.py: 0
[2013-03-24 14:55:34] EDIT RESUME_BUILDER/controllers/default.py: 0
[2013-03-24 14:55:34] EDIT RESUME_BUILDER/controllers/default.py: 0
[2013-03-24 14:55:34] EDIT RESUME_BUILDER/controllers/default.py: 0
[2013-03-24 14:57:41] EDIT RESUME_BUILDER/controllers/default.py: 0
[2013-03-24 14:57:42] EDIT RESUME_BUILDER/controllers/default.py: 0
[2013-03-24 15:56:41] EDIT RESUME_BUILDER/controllers/default.py: 2
[2013-03-24 16:06:23] EDIT RESUME_BUILDER/controllers/default.py: -1
[2013-03-24 16:06:24] EDIT RESUME_BUILDER/controllers/default.py: 0
[2013-03-24 16:06:24] EDIT RESUME_BUILDER/controllers/default.py: 0
[2013-03-24 16:08:36] EDIT RESUME_BUILDER/controllers/default.py: 1
[2013-03-24 16:08:37] EDIT RESUME_BUILDER/controllers/default.py: 0
[2013-03-24 16:08:38] EDIT RESUME_BUILDER/controllers/default.py: 0
[2013-03-24 16:08:38] EDIT RESUME_BUILDER/controllers/default.py: 0
[2013-03-24 16:08:38] EDIT RESUME_BUILDER/controllers/default.py: 0
[2013-03-24 16:10:33] EDIT RESUME_BUILDER/controllers/default.py: 0
[2013-03-24 16:10:33] EDIT RESUME_BUILDER/controllers/default.py: 0
[2013-03-24 16:10:34] EDIT RESUME_BUILDER/controllers/default.py: 0
[2013-03-24 16:10:34] EDIT RESUME_BUILDER/controllers/default.py: 0
[2013-03-24 16:10:34] EDIT RESUME_BUILDER/controllers/default.py: 0
[2013-03-24 16:10:34] EDIT RESUME_BUILDER/controllers/default.py: 0
[2013-03-24 16:10:34] EDIT RESUME_BUILDER/controllers/default.py: 0
[2013-03-24 16:10:34] EDIT RESUME_BUILDER/controllers/default.py: 0
[2013-03-24 16:10:34] EDIT RESUME_BUILDER/controllers/default.py: 0
[2013-03-24 16:10:35] EDIT RESUME_BUILDER/controllers/default.py: 0
[2013-03-24 16:10:35] EDIT RESUME_BUILDER/controllers/default.py: 0
[2013-03-24 16:10:35] EDIT RESUME_BUILDER/controllers/default.py: 0
[2013-03-24 16:10:35] EDIT RESUME_BUILDER/controllers/default.py: 0
[2013-03-24 16:10:35] EDIT RESUME_BUILDER/controllers/default.py: 0
[2013-03-24 16:10:35] EDIT RESUME_BUILDER/controllers/default.py: 0
[2013-03-24 16:10:36] EDIT RESUME_BUILDER/controllers/default.py: 0
[2013-03-24 16:10:36] EDIT RESUME_BUILDER/controllers/default.py: 0
[2013-03-24 16:10:36] EDIT RESUME_BUILDER/controllers/default.py: 0
[2013-03-24 16:10:36] EDIT RESUME_BUILDER/controllers/default.py: 0
[2013-03-24 16:10:37] EDIT RESUME_BUILDER/controllers/default.py: 0
[2013-03-24 16:10:37] EDIT RESUME_BUILDER/controllers/default.py: 0
[2013-03-24 16:10:37] EDIT RESUME_BUILDER/controllers/default.py: 0
[2013-03-24 16:10:37] EDIT RESUME_BUILDER/controllers/default.py: 0
[2013-03-24 16:10:59] EDIT RESUME_BUILDER/controllers/default.py: -3
[2013-03-24 16:11:00] EDIT RESUME_BUILDER/controllers/default.py: 0
[2013-03-24 16:31:28] EDIT RESUME_BUILDER/controllers/default.py: 1
[2013-03-24 16:32:02] EDIT RESUME_BUILDER/controllers/default.py: 0
[2013-03-24 16:32:32] EDIT RESUME_BUILDER/controllers/default.py: 0
[2013-03-24 16:32:33] EDIT RESUME_BUILDER/controllers/default.py: 0
[2013-03-24 16:32:33] EDIT RESUME_BUILDER/controllers/default.py: 0
[2013-03-24 16:32:33] EDIT RESUME_BUILDER/controllers/default.py: 0
[2013-03-24 16:32:33] EDIT RESUME_BUILDER/controllers/default.py: 0
[2013-03-24 16:32:33] EDIT RESUME_BUILDER/controllers/default.py: 0
[2013-03-24 16:32:33] EDIT RESUME_BUILDER/controllers/default.py: 0
[2013-03-24 16:32:34] EDIT RESUME_BUILDER/controllers/default.py: 0
[2013-03-24 16:35:51] EDIT RESUME_BUILDER/controllers/default.py: 0
[2013-03-24 16:35:52] EDIT RESUME_BUILDER/controllers/default.py: 0
[2013-03-24 16:35:52] EDIT RESUME_BUILDER/controllers/default.py: 0
[2013-03-24 16:38:35] EDIT RESUME_BUILDER/controllers/default.py: 0
[2013-03-24 16:38:35] EDIT RESUME_BUILDER/controllers/default.py: 0
[2013-03-24 16:38:36] EDIT RESUME_BUILDER/controllers/default.py: 0
[2013-03-24 16:41:09] EDIT RESUME_BUILDER/controllers/default.py: 0
[2013-03-24 16:41:09] EDIT RESUME_BUILDER/controllers/default.py: 0
[2013-03-24 16:41:10] EDIT RESUME_BUILDER/controllers/default.py: 0
[2013-03-24 16:45:05] EDIT RESUME_BUILDER/controllers/default.py: 0
[2013-03-24 16:45:06] EDIT RESUME_BUILDER/controllers/default.py: 0
[2013-03-24 16:45:06] EDIT RESUME_BUILDER/controllers/default.py: 0
[2013-03-24 16:45:06] EDIT RESUME_BUILDER/controllers/default.py: 0
[2013-03-24 16:45:07] EDIT RESUME_BUILDER/controllers/default.py: 0
[2013-03-24 16:45:07] EDIT RESUME_BUILDER/controllers/default.py: 0
[2013-03-24 16:45:07] EDIT RESUME_BUILDER/controllers/default.py: 0
[2013-03-24 16:45:07] EDIT RESUME_BUILDER/controllers/default.py: 0
[2013-03-24 16:45:07] EDIT RESUME_BUILDER/controllers/default.py: 0
[2013-03-24 16:45:07] EDIT RESUME_BUILDER/controllers/default.py: 0
[2013-03-24 16:45:07] EDIT RESUME_BUILDER/controllers/default.py: 0
[2013-03-24 16:45:07] EDIT RESUME_BUILDER/controllers/default.py: 0
[2013-03-24 16:45:07] EDIT RESUME_BUILDER/controllers/default.py: 0
[2013-03-24 16:45:08] EDIT RESUME_BUILDER/controllers/default.py: 0
[2013-03-24 16:45:08] EDIT RESUME_BUILDER/controllers/default.py: 0
[2013-03-24 16:45:08] EDIT RESUME_BUILDER/controllers/default.py: 0
[2013-03-24 16:45:08] EDIT RESUME_BUILDER/controllers/default.py: 0
[2013-03-24 16:45:08] EDIT RESUME_BUILDER/controllers/default.py: 0
[2013-03-24 16:45:08] EDIT RESUME_BUILDER/controllers/default.py: 0
[2013-03-24 16:45:08] EDIT RESUME_BUILDER/controllers/default.py: 0
[2013-03-24 16:45:08] EDIT RESUME_BUILDER/controllers/default.py: 0
[2013-03-24 16:45:08] EDIT RESUME_BUILDER/controllers/default.py: 0
[2013-03-24 16:45:08] EDIT RESUME_BUILDER/controllers/default.py: 0
[2013-03-24 16:45:08] EDIT RESUME_BUILDER/controllers/default.py: 0
[2013-03-24 16:45:09] EDIT RESUME_BUILDER/controllers/default.py: 0
[2013-03-24 16:45:09] EDIT RESUME_BUILDER/controllers/default.py: 0
[2013-03-24 16:45:09] EDIT RESUME_BUILDER/controllers/default.py: 0
[2013-03-24 16:45:09] EDIT RESUME_BUILDER/controllers/default.py: 0
[2013-03-24 16:45:09] EDIT RESUME_BUILDER/controllers/default.py: 0
[2013-03-24 16:45:09] EDIT RESUME_BUILDER/controllers/default.py: 0
[2013-03-24 16:46:11] EDIT RESUME_BUILDER/controllers/default.py: 0
[2013-03-24 16:46:12] EDIT RESUME_BUILDER/controllers/default.py: 0
[2013-03-24 16:46:12] EDIT RESUME_BUILDER/controllers/default.py: 0
[2013-03-24 16:46:12] EDIT RESUME_BUILDER/controllers/default.py: 0
[2013-03-24 16:46:12] EDIT RESUME_BUILDER/controllers/default.py: 0
[2013-03-24 16:46:13] EDIT RESUME_BUILDER/controllers/default.py: 0
[2013-03-24 16:46:13] EDIT RESUME_BUILDER/controllers/default.py: 0
[2013-03-24 16:46:14] EDIT RESUME_BUILDER/controllers/default.py: 0
[2013-03-24 16:46:15] EDIT RESUME_BUILDER/controllers/default.py: 0
[2013-03-24 16:46:15] EDIT RESUME_BUILDER/controllers/default.py: 0
[2013-03-24 16:46:15] EDIT RESUME_BUILDER/controllers/default.py: 0
[2013-03-24 16:46:15] EDIT RESUME_BUILDER/controllers/default.py: 0
[2013-03-24 16:46:15] EDIT RESUME_BUILDER/controllers/default.py: 0
[2013-03-24 16:46:15] EDIT RESUME_BUILDER/controllers/default.py: 0
[2013-03-24 16:46:15] EDIT RESUME_BUILDER/controllers/default.py: 0
[2013-03-24 16:46:15] EDIT RESUME_BUILDER/controllers/default.py: 0
[2013-03-24 16:46:15] EDIT RESUME_BUILDER/controllers/default.py: 0
[2013-03-24 16:46:15] EDIT RESUME_BUILDER/controllers/default.py: 0
[2013-03-24 16:46:15] EDIT RESUME_BUILDER/controllers/default.py: 0
[2013-03-24 16:46:15] EDIT RESUME_BUILDER/controllers/default.py: 0
[2013-03-24 16:46:15] EDIT RESUME_BUILDER/controllers/default.py: 0
[2013-03-24 16:46:15] EDIT RESUME_BUILDER/controllers/default.py: 0
[2013-03-24 16:46:15] EDIT RESUME_BUILDER/controllers/default.py: 0
[2013-03-24 16:48:07] EDIT RESUME_BUILDER/controllers/default.py: 0
[2013-03-24 16:54:13] EDIT RESUME_BUILDER/controllers/default.py: 2
[2013-03-24 16:54:14] EDIT RESUME_BUILDER/controllers/default.py: 0
[2013-03-24 16:54:14] EDIT RESUME_BUILDER/controllers/default.py: 0
[2013-03-24 16:54:14] EDIT RESUME_BUILDER/controllers/default.py: 0
[2013-03-24 16:54:42] EDIT RESUME_BUILDER/controllers/default.py: 0
[2013-03-24 16:55:00] EDIT RESUME_BUILDER/controllers/default.py: 0
[2013-03-24 16:55:00] EDIT RESUME_BUILDER/controllers/default.py: 0
[2013-03-24 16:55:00] EDIT RESUME_BUILDER/controllers/default.py: 0
[2013-03-24 16:56:05] EDIT RESUME_BUILDER/controllers/default.py: 0
[2013-03-24 16:56:05] EDIT RESUME_BUILDER/controllers/default.py: 0
[2013-03-24 16:56:05] EDIT RESUME_BUILDER/controllers/default.py: 0
[2013-03-24 16:56:06] EDIT RESUME_BUILDER/controllers/default.py: 0
[2013-03-24 16:56:06] EDIT RESUME_BUILDER/controllers/default.py: 0
[2013-03-24 17:02:02] CREATE default/student_login.html: 0
[2013-03-24 17:02:11] EDIT RESUME_BUILDER/views/default/student_login.html: 0
[2013-03-24 17:02:12] EDIT RESUME_BUILDER/views/default/student_login.html: 0
[2013-03-24 17:02:48] CREATE default/company_login.html: 0
[2013-03-24 17:02:54] EDIT RESUME_BUILDER/views/default/company_login.html: 0
[2013-03-24 17:02:55] EDIT RESUME_BUILDER/views/default/company_login.html: 0
[2013-03-24 17:02:55] EDIT RESUME_BUILDER/views/default/company_login.html: 0
[2013-03-24 17:07:13] EDIT RESUME_BUILDER/views/default/index.html: -31
[2013-03-24 17:07:14] EDIT RESUME_BUILDER/views/default/index.html: 0
[2013-03-24 17:08:44] EDIT RESUME_BUILDER/controllers/default.py: 0
[2013-03-24 17:21:28] EDIT RESUME_BUILDER/controllers/default.py: 0
[2013-03-24 17:21:29] EDIT RESUME_BUILDER/controllers/default.py: 0
[2013-03-24 17:21:29] EDIT RESUME_BUILDER/controllers/default.py: 0
[2013-03-24 17:21:29] EDIT RESUME_BUILDER/controllers/default.py: 0
[2013-03-24 17:21:31] EDIT RESUME_BUILDER/controllers/default.py: 0
[2013-03-24 17:21:33] EDIT RESUME_BUILDER/controllers/default.py: 0
[2013-03-24 17:21:34] EDIT RESUME_BUILDER/controllers/default.py: 0
[2013-03-24 17:21:36] EDIT RESUME_BUILDER/controllers/default.py: 0
[2013-03-24 21:32:14] EDIT RESUME_BUILDER/controllers/default.py: 0
[2013-03-24 21:32:15] EDIT RESUME_BUILDER/controllers/default.py: 0
[2013-03-24 21:32:15] EDIT RESUME_BUILDER/controllers/default.py: 0
[2013-03-24 21:36:34] EDIT RESUME_BUILDER/controllers/default.py: 2
[2013-03-24 21:36:34] EDIT RESUME_BUILDER/controllers/default.py: 0
[2013-03-24 21:36:34] EDIT RESUME_BUILDER/controllers/default.py: 0
[2013-03-24 21:36:34] EDIT RESUME_BUILDER/controllers/default.py: 0
[2013-03-24 21:36:34] EDIT RESUME_BUILDER/controllers/default.py: 0
[2013-03-24 21:54:10] EDIT RESUME_BUILDER/controllers/default.py: -1
[2013-03-31 14:50:11] EDIT RESUME_BUILDER/models/db.py: 15
[2013-03-31 14:50:13] EDIT RESUME_BUILDER/models/db.py: 0
[2013-03-31 14:50:13] EDIT RESUME_BUILDER/models/db.py: 0
[2013-03-31 15:05:01] EDIT RESUME_BUILDER/models/db.py: 0
[2013-03-31 15:05:01] EDIT RESUME_BUILDER/models/db.py: 0
[2013-03-31 15:05:02] EDIT RESUME_BUILDER/models/db.py: 0
[2013-03-31 15:05:02] EDIT RESUME_BUILDER/models/db.py: 0
[2013-03-31 15:05:02] EDIT RESUME_BUILDER/models/db.py: 0
[2013-03-31 15:05:02] EDIT RESUME_BUILDER/models/db.py: 0
[2013-03-31 15:05:03] EDIT RESUME_BUILDER/models/db.py: 0
[2013-03-31 15:05:03] EDIT RESUME_BUILDER/models/db.py: 0
[2013-03-31 15:09:33] EDIT RESUME_BUILDER/controllers/default.py: 0
[2013-03-31 15:09:34] EDIT RESUME_BUILDER/controllers/default.py: 0
[2013-03-31 15:09:35] EDIT RESUME_BUILDER/controllers/default.py: 0
[2013-03-31 15:23:22] EDIT RESUME_BUILDER/controllers/default.py: 0
[2013-03-31 15:24:33] EDIT RESUME_BUILDER/views/default/student_login.html: 0
[2013-03-31 15:46:33] EDIT RESUME_BUILDER/controllers/default.py: 1
[2013-03-31 15:47:11] EDIT RESUME_BUILDER/controllers/default.py: 0
[2013-03-31 15:55:11] EDIT RESUME_BUILDER/controllers/default.py: 5
[2013-03-31 15:55:27] EDIT RESUME_BUILDER/controllers/default.py: 0
[2013-03-31 15:56:01] EDIT RESUME_BUILDER/views/default/student_login.html: 1
[2013-03-31 15:56:37] EDIT RESUME_BUILDER/controllers/default.py: 0
[2013-03-31 15:59:08] EDIT RESUME_BUILDER/controllers/default.py: 0
[2013-03-31 15:59:14] EDIT RESUME_BUILDER/controllers/default.py: 0
[2013-03-31 15:59:17] EDIT RESUME_BUILDER/controllers/default.py: 0
[2013-03-31 16:01:38] EDIT RESUME_BUILDER/views/default/student_login.html: -1
[2013-03-31 16:01:38] EDIT RESUME_BUILDER/views/default/student_login.html: 0
[2013-03-31 16:01:38] EDIT RESUME_BUILDER/views/default/student_login.html: 0
[2013-03-31 16:04:14] EDIT RESUME_BUILDER/controllers/default.py: 0
[2013-03-31 16:04:14] EDIT RESUME_BUILDER/controllers/default.py: 0
[2013-03-31 16:04:14] EDIT RESUME_BUILDER/controllers/default.py: 0
[2013-03-31 16:04:20] EDIT RESUME_BUILDER/views/default/company_login.html: 0
[2013-03-31 16:04:45] EDIT RESUME_BUILDER/controllers/default.py: 0
[2013-03-31 21:05:09] EDIT RESUME_BUILDER/views/default/company_login.html: 1
[2013-03-31 21:05:10] EDIT RESUME_BUILDER/views/default/company_login.html: 0
[2013-03-31 21:07:29] EDIT RESUME_BUILDER/controllers/default.py: 1
[2013-03-31 21:07:30] EDIT RESUME_BUILDER/controllers/default.py: 0
[2013-03-31 21:10:47] EDIT RESUME_BUILDER/views/default/company_login.html: -1
[2013-03-31 21:10:47] EDIT RESUME_BUILDER/views/default/company_login.html: 0
[2013-03-31 22:10:38] EDIT RESUME_BUILDER/controllers/default.py: 11
[2013-03-31 22:10:40] EDIT RESUME_BUILDER/controllers/default.py: 0
[2013-03-31 22:10:40] EDIT RESUME_BUILDER/controllers/default.py: 0
[2013-03-31 22:10:40] EDIT RESUME_BUILDER/controllers/default.py: 0
[2013-03-31 22:11:09] EDIT RESUME_BUILDER/controllers/default.py: 0
[2013-03-31 22:11:10] EDIT RESUME_BUILDER/controllers/default.py: 0
[2013-04-01 18:53:32] CREATE default/page_student.html: 0
[2013-04-01 18:54:59] EDIT RESUME_BUILDER/controllers/default.py: 24
[2013-04-01 18:55:10] EDIT RESUME_BUILDER/controllers/default.py: 0
[2013-04-01 18:55:21] EDIT RESUME_BUILDER/controllers/default.py: 0
[2013-04-01 18:55:21] EDIT RESUME_BUILDER/controllers/default.py: 0
[2013-04-01 18:55:30] EDIT RESUME_BUILDER/controllers/default.py: 0
[2013-04-01 19:03:33] EDIT RESUME_BUILDER/views/default/page_student.html: 9
[2013-04-01 19:03:34] EDIT RESUME_BUILDER/views/default/page_student.html: 0
[2013-04-01 19:03:34] EDIT RESUME_BUILDER/views/default/page_student.html: 0
[2013-04-01 19:03:34] EDIT RESUME_BUILDER/views/default/page_student.html: 0
[2013-04-01 19:03:34] EDIT RESUME_BUILDER/views/default/page_student.html: 0
[2013-04-01 19:04:09] EDIT RESUME_BUILDER/views/default/page_student.html: 0
[2013-04-01 19:06:01] EDIT RESUME_BUILDER/controllers/default.py: 0
[2013-04-01 19:06:14] EDIT RESUME_BUILDER/controllers/default.py: 0
[2013-04-01 19:06:15] EDIT RESUME_BUILDER/controllers/default.py: 0
[2013-04-01 19:06:47] EDIT RESUME_BUILDER/views/default/page_student.html: 0
[2013-04-01 19:06:47] EDIT RESUME_BUILDER/views/default/page_student.html: 0
[2013-04-01 19:07:22] EDIT RESUME_BUILDER/views/default/page_student.html: 0
[2013-04-01 19:07:22] EDIT RESUME_BUILDER/views/default/page_student.html: 0
[2013-04-01 19:09:02] EDIT RESUME_BUILDER/controllers/default.py: 0
[2013-04-01 19:09:03] EDIT RESUME_BUILDER/controllers/default.py: 0
[2013-04-01 19:09:03] EDIT RESUME_BUILDER/controllers/default.py: 0
[2013-04-01 19:09:03] EDIT RESUME_BUILDER/controllers/default.py: 0
[2013-04-01 19:09:04] EDIT RESUME_BUILDER/controllers/default.py: 0
[2013-04-01 19:09:04] EDIT RESUME_BUILDER/controllers/default.py: 0
[2013-04-01 19:09:04] EDIT RESUME_BUILDER/controllers/default.py: 0
[2013-04-01 19:12:49] EDIT RESUME_BUILDER/controllers/default.py: 0
[2013-04-01 19:12:49] EDIT RESUME_BUILDER/controllers/default.py: 0
[2013-04-01 19:12:49] EDIT RESUME_BUILDER/controllers/default.py: 0
[2013-04-01 19:12:50] EDIT RESUME_BUILDER/controllers/default.py: 0
[2013-04-01 19:12:50] EDIT RESUME_BUILDER/controllers/default.py: 0
[2013-04-01 19:12:50] EDIT RESUME_BUILDER/controllers/default.py: 0
[2013-04-01 19:12:50] EDIT RESUME_BUILDER/controllers/default.py: 0
[2013-04-01 19:12:50] EDIT RESUME_BUILDER/controllers/default.py: 0
[2013-04-01 19:13:08] EDIT RESUME_BUILDER/controllers/default.py: 0
[2013-04-01 19:13:09] EDIT RESUME_BUILDER/controllers/default.py: 0
[2013-04-01 19:13:10] EDIT RESUME_BUILDER/controllers/default.py: 0
[2013-04-01 19:13:11] EDIT RESUME_BUILDER/controllers/default.py: 0
[2013-04-01 19:13:11] EDIT RESUME_BUILDER/controllers/default.py: 0
[2013-04-01 19:13:11] EDIT RESUME_BUILDER/controllers/default.py: 0
[2013-04-01 19:13:12] EDIT RESUME_BUILDER/controllers/default.py: 0
[2013-04-01 19:13:12] EDIT RESUME_BUILDER/controllers/default.py: 0
[2013-04-01 19:13:12] EDIT RESUME_BUILDER/controllers/default.py: 0
[2013-04-01 19:13:12] EDIT RESUME_BUILDER/controllers/default.py: 0
[2013-04-01 19:13:12] EDIT RESUME_BUILDER/controllers/default.py: 0
[2013-04-01 19:13:13] EDIT RESUME_BUILDER/controllers/default.py: 0
[2013-04-01 19:13:13] EDIT RESUME_BUILDER/controllers/default.py: 0
[2013-04-01 19:13:13] EDIT RESUME_BUILDER/controllers/default.py: 0
[2013-04-01 19:13:13] EDIT RESUME_BUILDER/controllers/default.py: 0
[2013-04-01 19:13:13] EDIT RESUME_BUILDER/controllers/default.py: 0
[2013-04-01 19:13:13] EDIT RESUME_BUILDER/controllers/default.py: 0
[2013-04-01 19:13:14] EDIT RESUME_BUILDER/controllers/default.py: 0
[2013-04-01 19:13:14] EDIT RESUME_BUILDER/controllers/default.py: 0
[2013-04-01 19:19:28] EDIT RESUME_BUILDER/views/default/page_student.html: -1
[2013-04-01 19:19:41] EDIT RESUME_BUILDER/views/default/page_student.html: 1
[2013-04-01 19:21:16] EDIT RESUME_BUILDER/controllers/default.py: 0
[2013-04-01 19:21:17] EDIT RESUME_BUILDER/controllers/default.py: 0
[2013-04-01 19:21:17] EDIT RESUME_BUILDER/controllers/default.py: 0
[2013-04-01 19:22:10] EDIT RESUME_BUILDER/views/default/page_student.html: 0
[2013-04-01 19:22:11] EDIT RESUME_BUILDER/views/default/page_student.html: 0
[2013-04-01 19:23:54] EDIT RESUME_BUILDER/views/default/page_student.html: -2
[2013-04-01 19:24:41] EDIT RESUME_BUILDER/views/default/page_student.html: 0
[2013-04-01 19:24:41] EDIT RESUME_BUILDER/views/default/page_student.html: 0
[2013-04-01 19:25:11] EDIT RESUME_BUILDER/controllers/default.py: 0
[2013-04-01 19:25:12] EDIT RESUME_BUILDER/controllers/default.py: 0
[2013-04-01 19:27:37] EDIT RESUME_BUILDER/views/default/page_student.html: 5
[2013-04-01 19:27:37] EDIT RESUME_BUILDER/views/default/page_student.html: 0
[2013-04-01 19:28:15] EDIT RESUME_BUILDER/views/default/page_student.html: 0
[2013-04-01 19:28:15] EDIT RESUME_BUILDER/views/default/page_student.html: 0
[2013-04-01 19:31:03] EDIT RESUME_BUILDER/controllers/default.py: 0
[2013-04-01 19:31:04] EDIT RESUME_BUILDER/controllers/default.py: 0
[2013-04-01 19:31:05] EDIT RESUME_BUILDER/controllers/default.py: 0
[2013-04-01 19:31:05] EDIT RESUME_BUILDER/controllers/default.py: 0
[2013-04-01 19:31:40] EDIT RESUME_BUILDER/views/default/page_student.html: 0
[2013-04-01 19:32:21] EDIT RESUME_BUILDER/views/default/page_student.html: -1
[2013-04-01 19:32:21] EDIT RESUME_BUILDER/views/default/page_student.html: 0
[2013-04-01 19:37:10] EDIT RESUME_BUILDER/controllers/default.py: 0
[2013-04-01 19:37:12] EDIT RESUME_BUILDER/controllers/default.py: 0
[2013-04-01 19:37:12] EDIT RESUME_BUILDER/controllers/default.py: 0
[2013-04-01 19:37:12] EDIT RESUME_BUILDER/controllers/default.py: 0
[2013-04-01 19:38:57] EDIT RESUME_BUILDER/views/default/page_student.html: 4
[2013-04-01 19:38:57] EDIT RESUME_BUILDER/views/default/page_student.html: 0
[2013-04-01 19:45:11] EDIT RESUME_BUILDER/views/default/page_student.html: 4
[2013-04-01 19:46:27] EDIT RESUME_BUILDER/controllers/default.py: 0
[2013-04-01 19:46:46] EDIT RESUME_BUILDER/views/default/page_student.html: 0
[2013-04-01 19:47:18] EDIT RESUME_BUILDER/views/default/page_student.html: 0
[2013-04-01 19:52:38] EDIT RESUME_BUILDER/views/default/page_student.html: 0
[2013-04-01 19:53:11] EDIT RESUME_BUILDER/controllers/default.py: 0
[2013-04-01 19:53:11] EDIT RESUME_BUILDER/controllers/default.py: 0
[2013-04-01 19:53:12] EDIT RESUME_BUILDER/controllers/default.py: 0
[2013-04-01 19:53:12] EDIT RESUME_BUILDER/controllers/default.py: 0
[2013-04-01 19:59:34] EDIT RESUME_BUILDER/controllers/default.py: 0
[2013-04-01 19:59:34] EDIT RESUME_BUILDER/controllers/default.py: 0
[2013-04-01 19:59:56] EDIT RESUME_BUILDER/controllers/default.py: 0
[2013-04-01 20:02:02] EDIT RESUME_BUILDER/controllers/default.py: 1
[2013-04-01 20:02:04] EDIT RESUME_BUILDER/controllers/default.py: 0
[2013-04-01 20:02:04] EDIT RESUME_BUILDER/controllers/default.py: 0
[2013-04-01 20:02:05] EDIT RESUME_BUILDER/controllers/default.py: 0
[2013-04-01 20:02:05] EDIT RESUME_BUILDER/controllers/default.py: 0
[2013-04-01 20:02:05] EDIT RESUME_BUILDER/controllers/default.py: 0
[2013-04-01 20:02:05] EDIT RESUME_BUILDER/controllers/default.py: 0
[2013-04-01 20:02:05] EDIT RESUME_BUILDER/controllers/default.py: 0
[2013-04-01 20:02:06] EDIT RESUME_BUILDER/controllers/default.py: 0
[2013-04-01 20:02:06] EDIT RESUME_BUILDER/controllers/default.py: 0
[2013-04-01 20:02:38] CREATE default/edit_course.html: 0
[2013-04-01 20:03:10] EDIT RESUME_BUILDER/views/default/edit_course.html: -1
[2013-04-01 20:03:10] EDIT RESUME_BUILDER/views/default/edit_course.html: 0
[2013-04-01 20:04:34] EDIT RESUME_BUILDER/controllers/default.py: 0
[2013-04-01 20:04:34] EDIT RESUME_BUILDER/controllers/default.py: 0
[2013-04-01 20:04:35] EDIT RESUME_BUILDER/controllers/default.py: 0
[2013-04-01 20:04:35] EDIT RESUME_BUILDER/controllers/default.py: 0
[2013-04-01 20:04:35] EDIT RESUME_BUILDER/controllers/default.py: 0
[2013-04-01 20:04:35] EDIT RESUME_BUILDER/controllers/default.py: 0
[2013-04-01 20:04:36] EDIT RESUME_BUILDER/controllers/default.py: 0
[2013-04-01 20:04:36] EDIT RESUME_BUILDER/controllers/default.py: 0
[2013-04-01 20:04:36] EDIT RESUME_BUILDER/controllers/default.py: 0
[2013-04-01 20:04:36] EDIT RESUME_BUILDER/controllers/default.py: 0
[2013-04-01 20:05:15] EDIT RESUME_BUILDER/views/default/edit_course.html: 0
[2013-04-01 20:05:15] EDIT RESUME_BUILDER/views/default/edit_course.html: 0
[2013-04-01 20:06:49] EDIT RESUME_BUILDER/controllers/default.py: 1
[2013-04-01 20:06:49] EDIT RESUME_BUILDER/controllers/default.py: 0
[2013-04-01 20:06:49] EDIT RESUME_BUILDER/controllers/default.py: 0
[2013-04-01 20:06:53] EDIT RESUME_BUILDER/controllers/default.py: 0
[2013-04-01 20:06:55] EDIT RESUME_BUILDER/controllers/default.py: 0
[2013-04-01 20:08:39] CREATE default/temp_course.html: 0
[2013-04-01 20:09:03] EDIT RESUME_BUILDER/views/default/temp_course.html: -1
[2013-04-01 20:09:04] EDIT RESUME_BUILDER/views/default/temp_course.html: 0
[2013-04-01 20:09:04] EDIT RESUME_BUILDER/views/default/temp_course.html: 0
[2013-04-01 20:09:35] EDIT RESUME_BUILDER/views/default/edit_course.html: -1
[2013-04-01 20:09:36] EDIT RESUME_BUILDER/views/default/edit_course.html: 0
[2013-04-01 20:09:36] EDIT RESUME_BUILDER/views/default/edit_course.html: 0
[2013-04-01 20:10:05] EDIT RESUME_BUILDER/views/default/edit_course.html: 1
[2013-04-01 20:10:06] EDIT RESUME_BUILDER/views/default/edit_course.html: 0
[2013-04-01 20:10:10] EDIT RESUME_BUILDER/views/default/edit_course.html: 0
[2013-04-01 20:10:10] EDIT RESUME_BUILDER/views/default/edit_course.html: 0
[2013-04-01 20:11:41] EDIT RESUME_BUILDER/views/default/temp_course.html: 0
[2013-04-01 20:11:41] EDIT RESUME_BUILDER/views/default/temp_course.html: 0
[2013-04-01 20:11:41] EDIT RESUME_BUILDER/views/default/temp_course.html: 0
[2013-04-01 20:13:30] EDIT RESUME_BUILDER/views/default/temp_course.html: -1
[2013-04-01 20:13:30] EDIT RESUME_BUILDER/views/default/temp_course.html: 0
[2013-04-01 20:13:58] EDIT RESUME_BUILDER/controllers/default.py: -1
[2013-04-01 20:13:59] EDIT RESUME_BUILDER/controllers/default.py: 0
[2013-04-01 20:13:59] EDIT RESUME_BUILDER/controllers/default.py: 0
[2013-04-01 20:13:59] EDIT RESUME_BUILDER/controllers/default.py: 0
[2013-04-01 20:13:59] EDIT RESUME_BUILDER/controllers/default.py: 0
[2013-04-01 20:16:36] EDIT RESUME_BUILDER/views/default/page_student.html: 0
[2013-04-01 20:16:37] EDIT RESUME_BUILDER/views/default/page_student.html: 0
[2013-04-01 20:24:03] EDIT RESUME_BUILDER/views/default/page_student.html: 0
[2013-04-01 20:24:03] EDIT RESUME_BUILDER/views/default/page_student.html: 0
[2013-04-01 20:24:03] EDIT RESUME_BUILDER/views/default/page_student.html: 0
[2013-04-01 20:24:03] EDIT RESUME_BUILDER/views/default/page_student.html: 0
[2013-04-01 22:18:37] EDIT RESUME_BUILDER/views/default/page_student.html: -1
[2013-04-01 22:23:20] EDIT RESUME_BUILDER/views/default/page_student.html: 0
[2013-04-01 22:29:50] EDIT RESUME_BUILDER/views/default/page_student.html: 4
[2013-04-01 22:29:58] EDIT RESUME_BUILDER/views/default/page_student.html: 1
[2013-04-01 22:30:51] EDIT RESUME_BUILDER/controllers/default.py: 0
[2013-04-01 22:30:51] EDIT RESUME_BUILDER/controllers/default.py: 0
[2013-04-01 22:30:51] EDIT RESUME_BUILDER/controllers/default.py: 0
[2013-04-01 22:30:51] EDIT RESUME_BUILDER/controllers/default.py: 0
[2013-04-01 22:32:04] EDIT RESUME_BUILDER/views/default/page_student.html: 6
[2013-04-01 22:32:05] EDIT RESUME_BUILDER/views/default/page_student.html: 0
[2013-04-01 22:32:29] EDIT RESUME_BUILDER/views/default/page_student.html: -3
[2013-04-01 22:33:00] EDIT RESUME_BUILDER/controllers/default.py: 0
[2013-04-01 22:35:12] EDIT RESUME_BUILDER/views/default/page_student.html: 1
[2013-04-01 22:35:40] EDIT RESUME_BUILDER/views/default/page_student.html: 0
[2013-04-01 22:36:01] EDIT RESUME_BUILDER/views/default/page_student.html: 0
[2013-04-01 22:38:11] EDIT RESUME_BUILDER/views/default/page_student.html: 3
[2013-04-01 22:38:29] EDIT RESUME_BUILDER/views/default/page_student.html: 0
[2013-04-01 22:38:29] EDIT RESUME_BUILDER/views/default/page_student.html: 0
[2013-04-01 22:43:16] EDIT RESUME_BUILDER/views/default/page_student.html: 8
[2013-04-01 22:43:17] EDIT RESUME_BUILDER/views/default/page_student.html: 0
[2013-04-01 22:45:09] EDIT RESUME_BUILDER/controllers/default.py: 13
[2013-04-01 22:47:17] EDIT RESUME_BUILDER/views/default/page_student.html: 0
[2013-04-01 22:49:33] EDIT RESUME_BUILDER/controllers/default.py: 13
[2013-04-01 22:51:17] EDIT RESUME_BUILDER/views/default/page_student.html: 8
[2013-04-01 22:56:26] EDIT RESUME_BUILDER/views/default/page_student.html: 0
[2013-04-01 22:56:26] EDIT RESUME_BUILDER/views/default/page_student.html: 0
[2013-04-01 23:01:47] EDIT RESUME_BUILDER/views/default/page_student.html: -4
[2013-04-01 23:08:59] EDIT RESUME_BUILDER/views/default/page_student.html: -3
[2013-04-01 23:09:00] EDIT RESUME_BUILDER/views/default/page_student.html: 0
[2013-04-01 23:09:00] EDIT RESUME_BUILDER/views/default/page_student.html: 0
[2013-04-01 23:09:00] EDIT RESUME_BUILDER/views/default/page_student.html: 0
[2013-04-01 23:11:59] EDIT RESUME_BUILDER/controllers/default.py: 2
[2013-04-02 00:13:32] EDIT RESUME_BUILDER/controllers/default.py: 10
[2013-04-02 00:14:02] EDIT RESUME_BUILDER/controllers/default.py: 0
[2013-04-02 00:14:03] EDIT RESUME_BUILDER/controllers/default.py: 0
[2013-04-02 00:14:03] EDIT RESUME_BUILDER/controllers/default.py: 0
[2013-04-02 00:16:02] EDIT RESUME_BUILDER/controllers/default.py: 0
[2013-04-02 00:16:03] EDIT RESUME_BUILDER/controllers/default.py: 0
[2013-04-02 00:16:30] EDIT RESUME_BUILDER/controllers/default.py: 0
[2013-04-02 00:16:30] EDIT RESUME_BUILDER/controllers/default.py: 0
[2013-04-02 00:17:45] EDIT RESUME_BUILDER/controllers/default.py: 0
[2013-04-02 00:17:45] EDIT RESUME_BUILDER/controllers/default.py: 0
[2013-04-02 00:17:45] EDIT RESUME_BUILDER/controllers/default.py: 0
[2013-04-02 00:25:09] EDIT RESUME_BUILDER/controllers/default.py: 7
[2013-04-02 00:25:12] EDIT RESUME_BUILDER/controllers/default.py: 0
[2013-04-02 00:25:12] EDIT RESUME_BUILDER/controllers/default.py: 0
[2013-04-02 00:25:16] EDIT RESUME_BUILDER/controllers/default.py: 0
[2013-04-02 00:34:58] EDIT RESUME_BUILDER/controllers/default.py: 0
[2013-04-02 00:34:58] EDIT RESUME_BUILDER/controllers/default.py: 0
[2013-04-02 00:34:58] EDIT RESUME_BUILDER/controllers/default.py: 0
[2013-04-02 00:34:58] EDIT RESUME_BUILDER/controllers/default.py: 0
[2013-04-02 00:34:58] EDIT RESUME_BUILDER/controllers/default.py: 0
[2013-04-02 00:34:59] EDIT RESUME_BUILDER/controllers/default.py: 0
[2013-04-02 00:44:47] EDIT RESUME_BUILDER/controllers/default.py: -2
[2013-04-02 00:44:48] EDIT RESUME_BUILDER/controllers/default.py: 0
[2013-04-02 00:44:48] EDIT RESUME_BUILDER/controllers/default.py: 0
[2013-04-02 00:44:48] EDIT RESUME_BUILDER/controllers/default.py: 0
[2013-04-02 00:44:48] EDIT RESUME_BUILDER/controllers/default.py: 0
[2013-04-02 00:50:40] EDIT RESUME_BUILDER/views/default/page_student.html: 0
[2013-04-02 00:50:41] EDIT RESUME_BUILDER/views/default/page_student.html: 0
[2013-04-02 00:53:33] EDIT RESUME_BUILDER/controllers/default.py: 1
[2013-04-02 00:53:34] EDIT RESUME_BUILDER/controllers/default.py: 0
[2013-04-02 00:53:34] EDIT RESUME_BUILDER/controllers/default.py: 0
[2013-04-02 00:53:34] EDIT RESUME_BUILDER/controllers/default.py: 0
[2013-04-02 00:53:34] EDIT RESUME_BUILDER/controllers/default.py: 0
[2013-04-02 00:53:35] EDIT RESUME_BUILDER/controllers/default.py: 0
[2013-04-02 00:53:35] EDIT RESUME_BUILDER/controllers/default.py: 0
[2013-04-02 00:53:35] EDIT RESUME_BUILDER/controllers/default.py: 0
[2013-04-02 00:53:35] EDIT RESUME_BUILDER/controllers/default.py: 0
[2013-04-02 00:54:36] EDIT RESUME_BUILDER/controllers/default.py: 0
[2013-04-02 00:54:36] EDIT RESUME_BUILDER/controllers/default.py: 0
[2013-04-02 00:54:36] EDIT RESUME_BUILDER/controllers/default.py: 0
[2013-04-02 00:54:36] EDIT RESUME_BUILDER/controllers/default.py: 0
[2013-04-02 00:54:37] EDIT RESUME_BUILDER/controllers/default.py: 0
[2013-04-02 00:54:37] EDIT RESUME_BUILDER/controllers/default.py: 0
[2013-04-02 00:54:37] EDIT RESUME_BUILDER/controllers/default.py: 0
[2013-04-02 00:55:02] EDIT RESUME_BUILDER/views/default/page_student.html: 0
[2013-04-02 00:55:02] EDIT RESUME_BUILDER/views/default/page_student.html: 0
[2013-04-02 00:55:22] EDIT RESUME_BUILDER/views/default/page_student.html: 0
[2013-04-02 00:55:22] EDIT RESUME_BUILDER/views/default/page_student.html: 0
[2013-04-02 00:55:22] EDIT RESUME_BUILDER/views/default/page_student.html: 0
[2013-04-02 00:55:22] EDIT RESUME_BUILDER/views/default/page_student.html: 0
[2013-04-02 00:56:01] EDIT RESUME_BUILDER/controllers/default.py: 0
[2013-04-02 00:56:02] EDIT RESUME_BUILDER/controllers/default.py: 0
[2013-04-02 00:56:02] EDIT RESUME_BUILDER/controllers/default.py: 0
[2013-04-02 00:56:02] EDIT RESUME_BUILDER/controllers/default.py: 0
[2013-04-02 00:56:02] EDIT RESUME_BUILDER/controllers/default.py: 0
[2013-04-02 00:56:38] CREATE default/delete_course.html: 0
[2013-04-02 00:57:55] EDIT RESUME_BUILDER/views/default/delete_course.html: 0
[2013-04-02 00:57:55] EDIT RESUME_BUILDER/views/default/delete_course.html: 0
[2013-04-02 00:57:55] EDIT RESUME_BUILDER/views/default/delete_course.html: 0
[2013-04-02 00:59:16] EDIT RESUME_BUILDER/views/default/delete_course.html: 1
[2013-04-02 00:59:17] EDIT RESUME_BUILDER/views/default/delete_course.html: 0
[2013-04-02 00:59:50] EDIT RESUME_BUILDER/views/default/delete_course.html: 1
[2013-04-02 00:59:50] EDIT RESUME_BUILDER/views/default/delete_course.html: 0
[2013-04-02 00:59:50] EDIT RESUME_BUILDER/views/default/delete_course.html: 0
[2013-04-02 01:01:36] EDIT RESUME_BUILDER/views/default/delete_course.html: -1
[2013-04-02 01:01:36] EDIT RESUME_BUILDER/views/default/delete_course.html: 0
[2013-04-02 01:01:36] EDIT RESUME_BUILDER/views/default/delete_course.html: 0
[2013-04-02 01:02:00] EDIT RESUME_BUILDER/views/default/delete_course.html: 0
[2013-04-02 01:02:00] EDIT RESUME_BUILDER/views/default/delete_course.html: 0
[2013-04-02 01:02:07] EDIT RESUME_BUILDER/views/default/delete_course.html: 0
[2013-04-02 01:02:07] EDIT RESUME_BUILDER/views/default/delete_course.html: 0
[2013-04-02 01:02:07] EDIT RESUME_BUILDER/views/default/delete_course.html: 0
[2013-04-02 01:05:05] EDIT RESUME_BUILDER/controllers/default.py: 0
[2013-04-02 01:05:06] EDIT RESUME_BUILDER/controllers/default.py: 0
[2013-04-02 01:05:06] EDIT RESUME_BUILDER/controllers/default.py: 0
[2013-04-02 01:05:21] EDIT RESUME_BUILDER/views/default/delete_course.html: -2
[2013-04-02 01:05:21] EDIT RESUME_BUILDER/views/default/delete_course.html: 0
[2013-04-02 01:05:44] EDIT RESUME_BUILDER/controllers/default.py: 0
[2013-04-02 01:05:45] EDIT RESUME_BUILDER/controllers/default.py: 0
[2013-04-02 01:06:12] EDIT RESUME_BUILDER/controllers/default.py: 0
[2013-04-02 01:06:12] EDIT RESUME_BUILDER/controllers/default.py: 0
[2013-04-02 01:06:13] EDIT RESUME_BUILDER/controllers/default.py: 0
[2013-04-02 01:06:13] EDIT RESUME_BUILDER/controllers/default.py: 0
[2013-04-02 01:06:22] EDIT RESUME_BUILDER/views/default/delete_course.html: 0
[2013-04-02 01:06:22] EDIT RESUME_BUILDER/views/default/delete_course.html: 0
[2013-04-02 01:06:22] EDIT RESUME_BUILDER/views/default/delete_course.html: 0
[2013-04-02 01:07:46] EDIT RESUME_BUILDER/controllers/default.py: 0
[2013-04-02 01:07:46] EDIT RESUME_BUILDER/controllers/default.py: 0
[2013-04-02 01:09:48] EDIT RESUME_BUILDER/views/default/delete_course.html: 5
[2013-04-02 01:09:48] EDIT RESUME_BUILDER/views/default/delete_course.html: 0
[2013-04-02 01:09:48] EDIT RESUME_BUILDER/views/default/delete_course.html: 0
[2013-04-02 01:11:46] EDIT RESUME_BUILDER/views/default/delete_course.html: 1
[2013-04-02 01:11:46] EDIT RESUME_BUILDER/views/default/delete_course.html: 0
[2013-04-02 01:11:46] EDIT RESUME_BUILDER/views/default/delete_course.html: 0
[2013-04-02 01:11:47] EDIT RESUME_BUILDER/views/default/delete_course.html: 0
[2013-04-02 01:12:32] EDIT RESUME_BUILDER/views/default/delete_course.html: 1
[2013-04-02 01:12:32] EDIT RESUME_BUILDER/views/default/delete_course.html: 0
[2013-04-02 01:13:31] EDIT RESUME_BUILDER/views/default/delete_course.html: 1
[2013-04-02 01:13:31] EDIT RESUME_BUILDER/views/default/delete_course.html: 0
[2013-04-02 01:14:08] EDIT RESUME_BUILDER/views/default/delete_course.html: 0
[2013-04-02 01:14:08] EDIT RESUME_BUILDER/views/default/delete_course.html: 0
[2013-04-02 01:14:30] EDIT RESUME_BUILDER/views/default/delete_course.html: 0
[2013-04-02 01:14:30] EDIT RESUME_BUILDER/views/default/delete_course.html: 0
[2013-04-02 01:14:51] EDIT RESUME_BUILDER/views/default/delete_course.html: 0
[2013-04-02 01:14:52] EDIT RESUME_BUILDER/views/default/delete_course.html: 0
[2013-04-02 01:15:13] EDIT RESUME_BUILDER/views/default/delete_course.html: 0
[2013-04-02 01:15:13] EDIT RESUME_BUILDER/views/default/delete_course.html: 0
[2013-04-02 01:15:13] EDIT RESUME_BUILDER/views/default/delete_course.html: 0
[2013-04-02 01:15:55] EDIT RESUME_BUILDER/views/default/delete_course.html: 0
[2013-04-02 01:15:55] EDIT RESUME_BUILDER/views/default/delete_course.html: 0
[2013-04-02 01:16:50] EDIT RESUME_BUILDER/views/default/delete_course.html: 0
[2013-04-02 01:16:50] EDIT RESUME_BUILDER/views/default/delete_course.html: 0
[2013-04-02 01:17:08] EDIT RESUME_BUILDER/views/default/delete_course.html: 0
[2013-04-02 01:17:08] EDIT RESUME_BUILDER/views/default/delete_course.html: 0
[2013-04-02 01:17:08] EDIT RESUME_BUILDER/views/default/delete_course.html: 0
[2013-04-02 01:17:18] EDIT RESUME_BUILDER/views/default/delete_course.html: 0
[2013-04-02 01:17:18] EDIT RESUME_BUILDER/views/default/delete_course.html: 0
[2013-04-02 01:22:30] EDIT RESUME_BUILDER/views/default/delete_course.html: 1
[2013-04-02 01:23:29] EDIT RESUME_BUILDER/views/default/delete_course.html: 0
[2013-04-02 01:23:29] EDIT RESUME_BUILDER/views/default/delete_course.html: 0
[2013-04-02 01:23:56] EDIT RESUME_BUILDER/views/default/delete_course.html: 0
[2013-04-02 01:24:20] EDIT RESUME_BUILDER/views/default/delete_course.html: 0
[2013-04-02 01:24:59] EDIT RESUME_BUILDER/views/default/delete_course.html: 0
[2013-04-02 01:25:12] EDIT RESUME_BUILDER/views/default/delete_course.html: 0
[2013-04-02 01:26:05] EDIT RESUME_BUILDER/views/default/delete_course.html: 0
[2013-04-02 01:27:48] EDIT RESUME_BUILDER/views/default/delete_course.html: -1
[2013-04-02 01:27:48] EDIT RESUME_BUILDER/views/default/delete_course.html: 0
[2013-04-02 01:28:08] EDIT RESUME_BUILDER/views/default/delete_course.html: -1
[2013-04-02 01:28:09] EDIT RESUME_BUILDER/views/default/delete_course.html: 0
[2013-04-02 01:29:39] EDIT RESUME_BUILDER/views/default/delete_course.html: 0
[2013-04-02 01:29:39] EDIT RESUME_BUILDER/views/default/delete_course.html: 0
[2013-04-02 01:34:13] EDIT RESUME_BUILDER/controllers/default.py: -1
[2013-04-02 01:34:14] EDIT RESUME_BUILDER/controllers/default.py: 0
[2013-04-02 01:34:14] EDIT RESUME_BUILDER/controllers/default.py: 0
[2013-04-02 01:34:14] EDIT RESUME_BUILDER/controllers/default.py: 0
[2013-04-02 01:34:14] EDIT RESUME_BUILDER/controllers/default.py: 0
[2013-04-02 01:35:53] EDIT RESUME_BUILDER/views/default/delete_course.html: -8
[2013-04-02 01:35:53] EDIT RESUME_BUILDER/views/default/delete_course.html: 0
[2013-04-02 01:35:54] EDIT RESUME_BUILDER/views/default/delete_course.html: 0
[2013-04-02 01:38:35] EDIT RESUME_BUILDER/controllers/default.py: 0
[2013-04-02 01:38:35] EDIT RESUME_BUILDER/controllers/default.py: 0
[2013-04-02 01:38:36] EDIT RESUME_BUILDER/controllers/default.py: 0
[2013-04-02 01:38:36] EDIT RESUME_BUILDER/controllers/default.py: 0
[2013-04-02 01:38:36] EDIT RESUME_BUILDER/controllers/default.py: 0
[2013-04-02 01:41:00] EDIT RESUME_BUILDER/controllers/default.py: 1
[2013-04-02 01:41:01] EDIT RESUME_BUILDER/controllers/default.py: 0
[2013-04-02 01:41:01] EDIT RESUME_BUILDER/controllers/default.py: 0
[2013-04-02 01:41:01] EDIT RESUME_BUILDER/controllers/default.py: 0
[2013-04-02 01:47:46] EDIT RESUME_BUILDER/models/db.py: 0
[2013-04-02 01:47:46] EDIT RESUME_BUILDER/models/db.py: 0
[2013-04-02 01:47:46] EDIT RESUME_BUILDER/models/db.py: 0
[2013-04-02 01:47:47] EDIT RESUME_BUILDER/models/db.py: 0
[2013-04-02 01:47:51] EDIT RESUME_BUILDER/controllers/default.py: 0
[2013-04-02 01:47:52] EDIT RESUME_BUILDER/controllers/default.py: 0
[2013-04-02 01:47:52] EDIT RESUME_BUILDER/controllers/default.py: 0
[2013-04-02 01:47:52] EDIT RESUME_BUILDER/controllers/default.py: 0
[2013-04-02 01:47:52] EDIT RESUME_BUILDER/controllers/default.py: 0
[2013-04-02 01:47:59] EDIT RESUME_BUILDER/views/default/page_student.html: 0
[2013-04-02 01:47:59] EDIT RESUME_BUILDER/views/default/page_student.html: 0
[2013-04-02 01:47:59] EDIT RESUME_BUILDER/views/default/page_student.html: 0
[2013-04-02 01:47:59] EDIT RESUME_BUILDER/views/default/page_student.html: 0
[2013-04-02 11:23:01] EDIT RESUME_BUILDER/models/db.py: 1
[2013-04-02 12:13:01] EDIT RESUME_BUILDER/models/db.py: 0
[2013-04-02 12:13:01] EDIT RESUME_BUILDER/models/db.py: 0
[2013-04-02 12:13:01] EDIT RESUME_BUILDER/models/db.py: 0
[2013-04-04 19:36:19] EDIT RESUME_BUILDER/controllers/default.py: 9
[2013-04-04 19:37:22] EDIT RESUME_BUILDER/controllers/default.py: 1
[2013-04-04 19:37:23] EDIT RESUME_BUILDER/controllers/default.py: 0
[2013-04-04 19:37:32] EDIT RESUME_BUILDER/controllers/default.py: 0
[2013-04-04 19:37:33] EDIT RESUME_BUILDER/controllers/default.py: 0
[2013-04-04 19:37:33] EDIT RESUME_BUILDER/controllers/default.py: 0
[2013-04-04 19:37:33] EDIT RESUME_BUILDER/controllers/default.py: 0
[2013-04-04 19:37:33] EDIT RESUME_BUILDER/controllers/default.py: 0
[2013-04-04 19:37:34] EDIT RESUME_BUILDER/controllers/default.py: 0
[2013-04-04 19:37:34] EDIT RESUME_BUILDER/controllers/default.py: 0
[2013-04-04 19:37:34] EDIT RESUME_BUILDER/controllers/default.py: 0
[2013-04-04 19:37:34] EDIT RESUME_BUILDER/controllers/default.py: 0
[2013-04-04 19:37:34] EDIT RESUME_BUILDER/controllers/default.py: 0
[2013-04-04 19:40:25] EDIT RESUME_BUILDER/views/default/delete_course.html: 1
[2013-04-04 19:40:26] EDIT RESUME_BUILDER/views/default/delete_course.html: 0
[2013-04-04 19:42:43] EDIT RESUME_BUILDER/views/default/delete_course.html: 0
[2013-04-04 19:43:24] CREATE default/temp_del_course.html: 0
[2013-04-04 20:06:38] EDIT RESUME_BUILDER/controllers/default.py: 6
[2013-04-04 20:06:39] EDIT RESUME_BUILDER/controllers/default.py: 0
[2013-04-04 20:06:39] EDIT RESUME_BUILDER/controllers/default.py: 0
[2013-04-04 20:06:39] EDIT RESUME_BUILDER/controllers/default.py: 0
[2013-04-04 20:06:40] EDIT RESUME_BUILDER/controllers/default.py: 0
[2013-04-04 20:06:40] EDIT RESUME_BUILDER/controllers/default.py: 0
[2013-04-04 20:06:50] EDIT RESUME_BUILDER/views/default/temp_del_course.html: -2
[2013-04-04 20:06:59] EDIT RESUME_BUILDER/views/default/temp_del_course.html: 0
[2013-04-04 20:06:59] EDIT RESUME_BUILDER/views/default/temp_del_course.html: 0
[2013-04-04 20:06:59] EDIT RESUME_BUILDER/views/default/temp_del_course.html: 0
[2013-04-04 21:05:14] EDIT RESUME_BUILDER/views/default/page_student.html: 0
[2013-04-04 21:05:15] EDIT RESUME_BUILDER/views/default/page_student.html: 0
[2013-04-04 21:05:15] EDIT RESUME_BUILDER/views/default/page_student.html: 0
[2013-04-04 21:18:22] EDIT RESUME_BUILDER/controllers/default.py: -2
[2013-04-04 21:18:23] EDIT RESUME_BUILDER/controllers/default.py: 0
[2013-04-04 21:18:23] EDIT RESUME_BUILDER/controllers/default.py: 0
[2013-04-04 21:18:23] EDIT RESUME_BUILDER/controllers/default.py: 0
[2013-04-04 21:19:37] CREATE default/delete_project.html: 0
[2013-04-04 21:19:48] EDIT RESUME_BUILDER/views/default/delete_project.html: -1
[2013-04-04 21:19:48] EDIT RESUME_BUILDER/views/default/delete_project.html: 0
[2013-04-04 21:19:48] EDIT RESUME_BUILDER/views/default/delete_project.html: 0
[2013-04-04 21:20:13] EDIT RESUME_BUILDER/controllers/default.py: -1
[2013-04-04 21:20:13] EDIT RESUME_BUILDER/controllers/default.py: 0
[2013-04-04 21:20:13] EDIT RESUME_BUILDER/controllers/default.py: 0
[2013-04-04 21:20:14] EDIT RESUME_BUILDER/controllers/default.py: 0
[2013-04-04 21:20:14] EDIT RESUME_BUILDER/controllers/default.py: 0
[2013-04-04 21:20:14] EDIT RESUME_BUILDER/controllers/default.py: 0
[2013-04-04 21:20:14] EDIT RESUME_BUILDER/controllers/default.py: 0
[2013-04-04 21:22:04] EDIT RESUME_BUILDER/controllers/default.py: 0
[2013-04-04 21:22:05] EDIT RESUME_BUILDER/controllers/default.py: 0
[2013-04-04 21:22:05] EDIT RESUME_BUILDER/controllers/default.py: 0
[2013-04-04 21:22:05] EDIT RESUME_BUILDER/controllers/default.py: 0
[2013-04-04 21:22:05] EDIT RESUME_BUILDER/controllers/default.py: 0
[2013-04-04 21:22:05] EDIT RESUME_BUILDER/controllers/default.py: 0
[2013-04-04 21:22:05] EDIT RESUME_BUILDER/controllers/default.py: 0
[2013-04-04 21:26:18] EDIT RESUME_BUILDER/controllers/default.py: 0
[2013-04-04 21:26:18] EDIT RESUME_BUILDER/controllers/default.py: 0
[2013-04-04 21:26:18] EDIT RESUME_BUILDER/controllers/default.py: 0
[2013-04-04 21:26:18] EDIT RESUME_BUILDER/controllers/default.py: 0
[2013-04-04 21:30:05] EDIT RESUME_BUILDER/controllers/default.py: 1
[2013-04-04 21:30:06] EDIT RESUME_BUILDER/controllers/default.py: 0
[2013-04-04 21:30:06] EDIT RESUME_BUILDER/controllers/default.py: 0
[2013-04-04 21:30:06] EDIT RESUME_BUILDER/controllers/default.py: 0
[2013-04-04 21:30:44] EDIT RESUME_BUILDER/controllers/default.py: 0
[2013-04-04 21:30:44] EDIT RESUME_BUILDER/controllers/default.py: 0
[2013-04-04 21:30:45] EDIT RESUME_BUILDER/controllers/default.py: 0
[2013-04-04 21:30:45] EDIT RESUME_BUILDER/controllers/default.py: 0
[2013-04-04 21:30:45] EDIT RESUME_BUILDER/controllers/default.py: 0
[2013-04-04 21:32:19] EDIT RESUME_BUILDER/models/db.py: 2
[2013-04-04 21:32:19] EDIT RESUME_BUILDER/models/db.py: 0
[2013-04-04 21:32:19] EDIT RESUME_BUILDER/models/db.py: 0
[2013-04-04 21:32:19] EDIT RESUME_BUILDER/models/db.py: 0
[2013-04-04 21:36:11] EDIT RESUME_BUILDER/views/default/page_student.html: 0
[2013-04-04 21:36:12] EDIT RESUME_BUILDER/views/default/page_student.html: 0
[2013-04-04 21:36:12] EDIT RESUME_BUILDER/views/default/page_student.html: 0
[2013-04-04 21:36:12] EDIT RESUME_BUILDER/views/default/page_student.html: 0
[2013-04-04 21:36:12] EDIT RESUME_BUILDER/views/default/page_student.html: 0
[2013-04-04 21:36:22] EDIT RESUME_BUILDER/views/default/page_student.html: 0
[2013-04-04 21:36:22] EDIT RESUME_BUILDER/views/default/page_student.html: 0
[2013-04-04 21:37:33] EDIT RESUME_BUILDER/views/default/page_student.html: 0
[2013-04-04 21:37:33] EDIT RESUME_BUILDER/views/default/page_student.html: 0
[2013-04-04 21:37:34] EDIT RESUME_BUILDER/views/default/page_student.html: 0
[2013-04-04 21:37:34] EDIT RESUME_BUILDER/views/default/page_student.html: 0
[2013-04-04 21:37:34] EDIT RESUME_BUILDER/views/default/page_student.html: 0
[2013-04-04 21:37:34] EDIT RESUME_BUILDER/views/default/page_student.html: 0
[2013-04-04 21:37:34] EDIT RESUME_BUILDER/views/default/page_student.html: 0
[2013-04-04 21:38:17] EDIT RESUME_BUILDER/controllers/default.py: 14
[2013-04-04 21:38:17] EDIT RESUME_BUILDER/controllers/default.py: 0
[2013-04-04 21:38:18] EDIT RESUME_BUILDER/controllers/default.py: 0
[2013-04-04 21:38:18] EDIT RESUME_BUILDER/controllers/default.py: 0
[2013-04-04 21:38:18] EDIT RESUME_BUILDER/controllers/default.py: 0
[2013-04-04 21:38:19] EDIT RESUME_BUILDER/controllers/default.py: 0
[2013-04-04 21:38:19] EDIT RESUME_BUILDER/controllers/default.py: 0
[2013-04-04 21:38:19] EDIT RESUME_BUILDER/controllers/default.py: 0
[2013-04-04 21:38:19] EDIT RESUME_BUILDER/controllers/default.py: 0
[2013-04-04 21:38:19] EDIT RESUME_BUILDER/controllers/default.py: 0
[2013-04-04 21:38:20] EDIT RESUME_BUILDER/controllers/default.py: 0
[2013-04-04 21:38:20] EDIT RESUME_BUILDER/controllers/default.py: 0
[2013-04-04 21:47:47] EDIT RESUME_BUILDER/controllers/default.py: 14
[2013-04-04 21:47:47] EDIT RESUME_BUILDER/controllers/default.py: 0
[2013-04-04 21:47:48] EDIT RESUME_BUILDER/controllers/default.py: 0
[2013-04-04 21:47:48] EDIT RESUME_BUILDER/controllers/default.py: 0
[2013-04-04 21:47:48] EDIT RESUME_BUILDER/controllers/default.py: 0
[2013-04-04 21:47:48] EDIT RESUME_BUILDER/controllers/default.py: 0
[2013-04-04 21:47:48] EDIT RESUME_BUILDER/controllers/default.py: 0
[2013-04-04 21:47:49] EDIT RESUME_BUILDER/controllers/default.py: 0
[2013-04-04 21:47:49] EDIT RESUME_BUILDER/controllers/default.py: 0
[2013-04-04 21:47:49] EDIT RESUME_BUILDER/controllers/default.py: 0
[2013-04-04 21:47:49] EDIT RESUME_BUILDER/controllers/default.py: 0
[2013-04-04 21:47:49] EDIT RESUME_BUILDER/controllers/default.py: 0
[2013-04-04 21:47:49] EDIT RESUME_BUILDER/controllers/default.py: 0
[2013-04-04 21:47:50] EDIT RESUME_BUILDER/controllers/default.py: 0
[2013-04-04 21:47:50] EDIT RESUME_BUILDER/controllers/default.py: 0
[2013-04-04 21:49:58] EDIT RESUME_BUILDER/controllers/default.py: 0
[2013-04-04 21:49:59] EDIT RESUME_BUILDER/controllers/default.py: 0
[2013-04-04 21:49:59] EDIT RESUME_BUILDER/controllers/default.py: 0
[2013-04-04 21:49:59] EDIT RESUME_BUILDER/controllers/default.py: 0
[2013-04-04 21:53:52] EDIT RESUME_BUILDER/views/default/page_student.html: 4
[2013-04-04 21:53:52] EDIT RESUME_BUILDER/views/default/page_student.html: 0
[2013-04-04 21:53:53] EDIT RESUME_BUILDER/views/default/page_student.html: 0
[2013-04-04 21:53:53] EDIT RESUME_BUILDER/views/default/page_student.html: 0
[2013-04-10 23:26:35] EDIT resume2/controllers/default.py: 49
[2013-04-10 23:27:18] EDIT resume2/views/default/page_student.html: 159
[2013-04-10 23:28:11] EDIT resume2/views/layout.html: 0
[2013-04-10 23:29:30] UPLOAD C:/Users/Arpit/Downloads/web2py/applications/resume2/static/images/sample.jpg: 30
[2013-04-10 23:34:16] EDIT resume2/controllers/default.py: 6
[2013-04-10 23:37:23] EDIT resume2/controllers/default.py: 0
[2013-04-10 23:37:43] EDIT resume2/controllers/default.py: 0
[2013-04-10 23:43:48] EDIT resume2/controllers/default.py: 0
[2013-04-10 23:45:15] EDIT resume2/controllers/default.py: 0
[2013-04-10 23:45:17] EDIT resume2/controllers/default.py: 0
[2013-04-10 23:48:05] EDIT resume2/controllers/default.py: 0
[2013-04-10 23:49:46] EDIT resume2/controllers/default.py: 0
[2013-04-10 23:50:57] EDIT resume2/controllers/default.py: 0
[2013-04-11 00:00:06] EDIT resume2/controllers/default.py: 0
[2013-04-11 00:00:15] EDIT resume2/controllers/default.py: 0
[2013-04-11 00:00:27] EDIT resume2/controllers/default.py: 0
[2013-04-11 00:06:00] CREATE default/temp_func.html: 0
[2013-04-11 00:06:30] EDIT resume2/views/default/temp_func.html: 265
[2013-04-11 00:08:51] EDIT resume2/views/default/temp_func.html: 0
[2013-04-11 00:09:25] EDIT resume2/views/default/temp_func.html: 0
[2013-04-11 00:10:10] EDIT resume2/views/default/temp_func.html: 0
[2013-04-11 00:11:46] EDIT resume2/views/default/temp_func.html: 0
[2013-04-11 00:11:46] EDIT resume2/views/default/temp_func.html: 0
[2013-04-11 00:11:46] EDIT resume2/views/default/temp_func.html: 0
[2013-04-11 00:11:46] EDIT resume2/views/default/temp_func.html: 0
[2013-04-11 00:17:19] EDIT resume2/controllers/default.py: 8
[2013-04-11 00:17:19] EDIT resume2/controllers/default.py: 0
[2013-04-11 00:17:20] EDIT resume2/controllers/default.py: 0
[2013-04-11 00:17:31] EDIT resume2/controllers/default.py: 0
[2013-04-11 00:17:32] EDIT resume2/controllers/default.py: 0
[2013-04-11 00:17:32] EDIT resume2/controllers/default.py: 0
[2013-04-11 00:17:32] EDIT resume2/controllers/default.py: 0
[2013-04-11 00:17:32] EDIT resume2/controllers/default.py: 0
[2013-04-11 00:17:32] EDIT resume2/controllers/default.py: 0
[2013-04-11 00:17:33] EDIT resume2/controllers/default.py: 0
[2013-04-11 00:18:47] EDIT resume2/controllers/default.py: 1
[2013-04-11 00:18:48] EDIT resume2/controllers/default.py: 0
[2013-04-11 00:18:48] EDIT resume2/controllers/default.py: 0
[2013-04-11 00:18:48] EDIT resume2/controllers/default.py: 0
[2013-04-11 00:19:24] EDIT resume2/controllers/default.py: 0
[2013-04-11 00:19:24] EDIT resume2/controllers/default.py: 0
[2013-04-11 00:19:24] EDIT resume2/controllers/default.py: 0
[2013-04-11 00:22:41] EDIT resume2/controllers/default.py: 3
[2013-04-11 00:22:42] EDIT resume2/controllers/default.py: 0
[2013-04-11 00:22:42] EDIT resume2/controllers/default.py: 0
[2013-04-11 00:22:42] EDIT resume2/controllers/default.py: 0
[2013-04-11 00:23:48] EDIT resume2/controllers/default.py: 0
[2013-04-11 00:25:22] EDIT resume2/controllers/default.py: 0
[2013-04-11 00:25:45] EDIT resume2/controllers/default.py: 0
[2013-04-11 00:26:30] EDIT resume2/controllers/default.py: 0
[2013-04-11 00:26:50] EDIT resume2/controllers/default.py: 0
[2013-04-11 00:27:37] EDIT resume2/controllers/default.py: 0
[2013-04-11 00:28:46] EDIT resume2/controllers/default.py: 0
[2013-04-11 00:30:30] EDIT resume2/controllers/default.py: 0
[2013-04-11 00:30:31] EDIT resume2/controllers/default.py: 0
[2013-04-11 00:30:31] EDIT resume2/controllers/default.py: 0
[2013-04-11 00:30:31] EDIT resume2/controllers/default.py: 0
[2013-04-11 00:31:47] EDIT resume2/controllers/default.py: 0
[2013-04-11 00:31:47] EDIT resume2/controllers/default.py: 0
[2013-04-11 00:31:47] EDIT resume2/controllers/default.py: 0
[2013-04-11 00:31:47] EDIT resume2/controllers/default.py: 0
[2013-04-11 00:34:03] EDIT resume2/controllers/default.py: 0
[2013-04-11 00:34:03] EDIT resume2/controllers/default.py: 0
[2013-04-11 00:34:03] EDIT resume2/controllers/default.py: 0
[2013-04-11 00:34:04] EDIT resume2/controllers/default.py: 0
[2013-04-11 00:34:04] EDIT resume2/controllers/default.py: 0
[2013-04-11 00:34:04] EDIT resume2/controllers/default.py: 0
[2013-04-11 00:34:04] EDIT resume2/controllers/default.py: 0
[2013-04-11 00:46:01] EDIT resume2/controllers/default.py: 0
[2013-04-11 00:46:13] EDIT resume2/controllers/default.py: 0
[2013-04-11 00:46:14] EDIT resume2/controllers/default.py: 0
[2013-04-11 00:46:14] EDIT resume2/controllers/default.py: 0
[2013-04-11 00:47:50] EDIT resume2/controllers/default.py: 0
[2013-04-11 00:47:51] EDIT resume2/controllers/default.py: 0
[2013-04-11 00:47:51] EDIT resume2/controllers/default.py: 0
[2013-04-11 00:47:51] EDIT resume2/controllers/default.py: 0
[2013-04-11 00:47:51] EDIT resume2/controllers/default.py: 0
[2013-04-11 00:51:38] EDIT resume2/controllers/default.py: 0
[2013-04-11 00:51:39] EDIT resume2/controllers/default.py: 0
[2013-04-11 00:51:39] EDIT resume2/controllers/default.py: 0
[2013-04-11 00:51:39] EDIT resume2/controllers/default.py: 0
[2013-04-11 00:51:39] EDIT resume2/controllers/default.py: 0
[2013-04-11 00:51:40] EDIT resume2/controllers/default.py: 0
[2013-04-11 00:56:22] EDIT resume2/controllers/default.py: 0
[2013-04-11 00:56:22] EDIT resume2/controllers/default.py: 0
[2013-04-11 00:56:22] EDIT resume2/controllers/default.py: 0
[2013-04-11 00:56:23] EDIT resume2/controllers/default.py: 0
[2013-04-11 00:56:23] EDIT resume2/controllers/default.py: 0
[2013-04-11 00:56:23] EDIT resume2/controllers/default.py: 0
[2013-04-11 00:56:23] EDIT resume2/controllers/default.py: 0
[2013-04-11 01:08:26] EDIT resume2/views/default/temp_func.html: -24
[2013-04-14 12:44:32] EDIT temp_resume/controllers/default.py: 32
[2013-04-14 12:46:28] EDIT temp_resume/controllers/default.py: -29
[2013-04-14 12:46:47] EDIT temp_resume/controllers/default.py: 0
[2013-04-14 12:47:50] EDIT temp_resume/controllers/default.py: 0
[2013-04-14 12:48:17] EDIT temp_resume/controllers/default.py: 0
[2013-04-14 12:48:26] EDIT temp_resume/controllers/default.py: 0
[2013-04-14 12:48:47] EDIT temp_resume/controllers/default.py: 0
[2013-04-14 12:48:59] EDIT temp_resume/controllers/default.py: 0
[2013-04-14 12:49:21] EDIT temp_resume/controllers/default.py: 0
[2013-04-14 12:49:51] EDIT temp_resume/controllers/default.py: 0
[2013-04-14 12:50:08] EDIT temp_resume/controllers/default.py: 0
[2013-04-14 12:50:21] EDIT temp_resume/controllers/default.py: 0
[2013-04-14 12:55:57] EDIT temp_resume/controllers/default.py: 24
[2013-04-14 12:56:19] EDIT temp_resume/controllers/default.py: 0
[2013-04-14 12:56:21] EDIT temp_resume/controllers/default.py: 0
[2013-04-14 12:57:44] EDIT temp_resume/controllers/default.py: 0
[2013-04-14 12:59:19] EDIT temp_resume/controllers/default.py: 0
[2013-04-14 13:01:01] EDIT temp_resume/controllers/default.py: 0
[2013-04-14 13:04:08] EDIT temp_resume/controllers/default.py: 2
[2013-04-14 13:04:41] EDIT temp_resume/controllers/default.py: 0
[2013-04-14 13:04:42] EDIT temp_resume/controllers/default.py: 0
[2013-04-14 13:04:42] EDIT temp_resume/controllers/default.py: 0
[2013-04-14 13:04:42] EDIT temp_resume/controllers/default.py: 0
[2013-04-14 13:04:42] EDIT temp_resume/controllers/default.py: 0
[2013-04-14 13:04:42] EDIT temp_resume/controllers/default.py: 0
[2013-04-14 13:04:43] EDIT temp_resume/controllers/default.py: 0
[2013-04-14 13:04:43] EDIT temp_resume/controllers/default.py: 0
[2013-04-14 13:17:48] EDIT temp_resume/controllers/default.py: 1
[2013-04-14 13:17:48] EDIT temp_resume/controllers/default.py: 0
[2013-04-14 13:17:49] EDIT temp_resume/controllers/default.py: 0
[2013-04-14 13:17:49] EDIT temp_resume/controllers/default.py: 0
[2013-04-14 19:40:02] EDIT temp_resume/views/default/page_student2.html: 132
[2013-04-14 19:40:03] EDIT temp_resume/views/default/page_student2.html: 0
[2013-04-14 19:40:03] EDIT temp_resume/views/default/page_student2.html: 0
[2013-04-14 19:40:03] EDIT temp_resume/views/default/page_student2.html: 0
[2013-04-14 19:46:00] EDIT temp_resume/views/default/page_student2.html: 0
[2013-04-14 19:46:54] EDIT temp_resume/views/default/page_student2.html: 2
[2013-04-14 19:46:56] EDIT temp_resume/views/default/page_student2.html: 0
[2013-04-14 19:47:47] EDIT temp_resume/views/default/page_student2.html: 0
[2013-04-14 19:47:48] EDIT temp_resume/views/default/page_student2.html: 0
[2013-04-14 19:48:28] EDIT temp_resume/views/default/page_student2.html: 0
[2013-04-14 19:48:28] EDIT temp_resume/views/default/page_student2.html: 0
[2013-04-14 19:52:53] EDIT temp_resume/views/default/page_student2.html: 15
[2013-04-14 19:52:53] EDIT temp_resume/views/default/page_student2.html: 0
[2013-04-14 19:52:53] EDIT temp_resume/views/default/page_student2.html: 0
[2013-04-14 19:53:29] EDIT temp_resume/views/default/page_student2.html: 0
[2013-04-14 19:53:29] EDIT temp_resume/views/default/page_student2.html: 0
[2013-04-14 19:54:25] EDIT temp_resume/views/default/page_student2.html: 0
[2013-04-14 19:54:45] EDIT temp_resume/views/default/page_student2.html: 0
[2013-04-14 21:27:16] CREATE default/view_page2.html: 0
[2013-04-14 21:31:25] EDIT temp_resume/views/default/view_page2.html: 217
[2013-04-14 21:31:26] EDIT temp_resume/views/default/view_page2.html: 0
[2013-04-14 21:58:57] EDIT temp_resume/views/default/page_student.html: 3
[2013-04-14 21:58:59] EDIT temp_resume/views/default/page_student.html: 0
[2013-04-14 21:59:21] EDIT temp_resume/views/default/page_student2.html: 0
[2013-04-14 21:59:43] EDIT temp_resume/views/default/page_student.html: 0
[2013-04-14 21:59:43] EDIT temp_resume/views/default/page_student.html: 0
[2013-04-14 21:59:46] EDIT temp_resume/views/default/page_student2.html: 0
[2013-04-14 22:05:53] EDIT temp_resume/controllers/default.py: 130
[2013-04-14 22:05:53] EDIT temp_resume/controllers/default.py: 0
[2013-04-14 22:55:59] EDIT temp_resume/views/default/page_student2.html: 1
[2013-04-14 22:56:00] EDIT temp_resume/views/default/page_student.html: 1
[2013-04-14 22:56:10] EDIT temp_resume/views/default/page_student.html: 0
[2013-04-14 22:56:12] EDIT temp_resume/views/default/page_student2.html: 0
[2013-04-14 22:57:31] EDIT temp_resume/views/default/page_student.html: 0
[2013-04-14 22:57:31] EDIT temp_resume/views/default/page_student.html: 0
[2013-04-14 22:57:34] EDIT temp_resume/views/default/page_student2.html: 0
[2013-04-14 22:57:34] EDIT temp_resume/views/default/page_student2.html: 0
[2013-04-14 22:59:37] EDIT temp_resume/controllers/default.py: 1
[2013-04-14 22:59:37] EDIT temp_resume/controllers/default.py: 0
[2013-04-14 23:02:49] EDIT temp_resume/views/default/view_page1.html: 1
[2013-04-14 23:02:49] EDIT temp_resume/views/default/view_page1.html: 0
[2013-04-14 23:03:15] EDIT temp_resume/views/default/view_page2.html: 2
[2013-04-14 23:04:02] EDIT temp_resume/views/default/view_page1.html: 0
[2013-04-14 23:04:03] EDIT temp_resume/views/default/view_page1.html: 0
[2013-04-14 23:04:21] EDIT temp_resume/views/default/view_page2.html: 0
[2013-04-14 23:04:22] EDIT temp_resume/views/default/view_page2.html: 0
[2013-04-14 23:04:22] EDIT temp_resume/views/default/view_page2.html: 0
[2013-04-14 23:16:02] EDIT temp_resume/views/default/view_page1.html: 0
[2013-04-14 23:16:03] EDIT temp_resume/views/default/view_page1.html: 0
[2013-04-14 23:16:03] EDIT temp_resume/views/default/view_page1.html: 0
[2013-04-14 23:16:03] EDIT temp_resume/views/default/view_page1.html: 0
[2013-04-14 23:58:03] CREATE default/page_student3.html: 0
[2013-04-15 00:04:14] EDIT temp_resume/views/default/page_student2.html: 0
[2013-04-15 00:04:14] EDIT temp_resume/views/default/page_student2.html: 0
[2013-04-15 00:04:48] EDIT temp_resume/views/default/page_student3.html: 133
[2013-04-15 00:04:49] EDIT temp_resume/views/default/page_student3.html: 0
[2013-04-15 00:04:50] EDIT temp_resume/views/default/page_student3.html: 0
[2013-04-15 00:04:50] EDIT temp_resume/views/default/page_student3.html: 0
[2013-04-15 00:04:50] EDIT temp_resume/views/default/page_student3.html: 0
[2013-04-15 00:06:24] EDIT temp_resume/views/default/page_student3.html: 0
[2013-04-15 00:06:24] EDIT temp_resume/views/default/page_student3.html: 0
[2013-04-15 00:14:31] EDIT temp_resume/views/default/page_student3.html: 15
[2013-04-15 00:14:32] EDIT temp_resume/views/default/page_student3.html: 0
[2013-04-15 00:14:32] EDIT temp_resume/views/default/page_student3.html: 0
[2013-04-15 00:16:46] EDIT temp_resume/views/default/page_student3.html: 0
[2013-04-15 00:16:46] EDIT temp_resume/views/default/page_student3.html: 0
[2013-04-15 00:17:02] EDIT temp_resume/views/default/page_student3.html: 0
[2013-04-15 00:17:03] EDIT temp_resume/views/default/page_student3.html: 0
[2013-04-15 00:17:48] EDIT temp_resume/views/default/page_student3.html: 0
[2013-04-15 00:17:48] EDIT temp_resume/views/default/page_student3.html: 0
[2013-04-15 00:17:49] EDIT temp_resume/views/default/page_student3.html: 0
[2013-04-15 00:19:49] CREATE default/view_page3.html: 0
[2013-04-15 00:21:30] EDIT temp_resume/views/default/view_page3.html: 128
[2013-04-15 00:21:31] EDIT temp_resume/views/default/view_page3.html: 0
[2013-04-15 00:23:20] EDIT temp_resume/views/default/view_page3.html: -21
[2013-04-15 00:23:20] EDIT temp_resume/views/default/view_page3.html: 0
[2013-04-15 00:39:42] EDIT temp_resume/views/default/page_company.html: 2
[2013-04-15 00:41:23] EDIT temp_resume/views/default/page_company.html: 1
[2013-04-15 00:41:46] EDIT temp_resume/views/default/page_company.html: 0
[2013-04-15 00:41:46] EDIT temp_resume/views/default/page_company.html: 0
[2013-04-15 00:41:47] EDIT temp_resume/views/default/page_company.html: 0
[2013-04-15 00:42:07] EDIT temp_resume/views/default/page_company.html: 0
[2013-04-15 00:44:31] EDIT temp_resume/views/default/page_company.html: 0
[2013-04-15 00:44:31] EDIT temp_resume/views/default/page_company.html: 0
[2013-04-15 00:46:25] EDIT temp_resume/views/default/page_company.html: 0
[2013-04-15 00:50:13] EDIT temp_resume/views/default/page_company.html: 3
[2013-04-15 00:50:49] EDIT temp_resume/views/default/page_company.html: 0
[2013-04-15 00:51:21] EDIT temp_resume/views/default/page_company.html: 0
[2013-04-15 00:52:49] EDIT temp_resume/views/default/page_company.html: 1
[2013-04-15 00:52:49] EDIT temp_resume/views/default/page_company.html: 0
[2013-04-15 00:57:45] EDIT temp_resume/views/default/page_company.html: 1
[2013-04-15 00:58:12] EDIT temp_resume/views/default/page_company.html: 1
[2013-04-15 00:58:21] EDIT temp_resume/views/default/page_company.html: 0
[2013-04-15 00:58:54] EDIT temp_resume/views/default/page_company.html: 1
[2013-04-15 00:58:54] EDIT temp_resume/views/default/page_company.html: 0
[2013-04-15 00:59:30] EDIT temp_resume/views/default/page_company.html: 2
[2013-04-15 00:59:31] EDIT temp_resume/views/default/page_company.html: 0
[2013-04-15 01:04:54] EDIT temp_resume/views/default/page_company.html: 0
[2013-04-15 01:04:54] EDIT temp_resume/views/default/page_company.html: 0
[2013-04-15 01:09:37] EDIT temp_resume/views/default/page_company.html: 0
[2013-04-15 01:10:36] EDIT temp_resume/views/default/page_company.html: 0
[2013-04-15 01:11:04] EDIT temp_resume/views/default/page_company.html: 1
[2013-04-15 01:11:12] EDIT temp_resume/views/default/page_company.html: 0
[2013-04-15 01:13:18] EDIT temp_resume/views/default/page_company.html: 11
[2013-04-15 01:24:38] EDIT temp_resume/views/default/page_company.html: -8
[2013-04-15 01:24:38] EDIT temp_resume/views/default/page_company.html: 0
[2013-04-15 01:24:38] EDIT temp_resume/views/default/page_company.html: 0
[2013-04-15 01:25:21] EDIT temp_resume/views/default/page_company.html: 0
[2013-04-15 01:25:21] EDIT temp_resume/views/default/page_company.html: 0
[2013-04-15 01:26:08] EDIT temp_resume/views/default/page_company.html: 0
[2013-04-15 01:26:09] EDIT temp_resume/views/default/page_company.html: 0
[2013-04-15 01:27:14] EDIT temp_resume/views/default/page_company.html: 0
[2013-04-15 01:27:14] EDIT temp_resume/views/default/page_company.html: 0
[2013-04-15 01:28:22] EDIT temp_resume/views/default/page_company.html: 2
[2013-04-15 01:28:22] EDIT temp_resume/views/default/page_company.html: 0
[2013-04-15 01:28:22] EDIT temp_resume/views/default/page_company.html: 0
[2013-04-15 01:29:29] EDIT temp_resume/views/default/page_company.html: 0
[2013-04-15 01:29:29] EDIT temp_resume/views/default/page_company.html: 0
[2013-04-15 01:31:30] EDIT temp_resume/views/default/page_company.html: 0
[2013-04-15 01:31:30] EDIT temp_resume/views/default/page_company.html: 0
[2013-04-15 01:37:59] EDIT temp_resume/views/default/page_company.html: 0
[2013-04-15 01:37:59] EDIT temp_resume/views/default/page_company.html: 0
[2013-04-15 01:37:59] EDIT temp_resume/views/default/page_company.html: 0
[2013-04-15 01:40:27] EDIT temp_resume/views/default/page_company.html: 0
[2013-04-15 01:40:28] EDIT temp_resume/views/default/page_company.html: 0
[2013-04-15 01:43:21] EDIT temp_resume/views/default/page_company.html: -1
[2013-04-15 01:43:22] EDIT temp_resume/views/default/page_company.html: 0
[2013-04-15 01:45:24] EDIT temp_resume/views/default/page_company.html: 0
[2013-04-15 01:45:25] EDIT temp_resume/views/default/page_company.html: 0
[2013-04-15 01:45:59] EDIT temp_resume/views/default/page_company.html: 0
[2013-04-15 01:46:00] EDIT temp_resume/views/default/page_company.html: 0
[2013-04-15 01:56:47] EDIT temp_resume/views/default/page_company.html: -1
[2013-04-15 01:56:47] EDIT temp_resume/views/default/page_company.html: 0
[2013-04-15 01:57:13] EDIT temp_resume/views/default/page_company.html: -1
[2013-04-15 01:57:13] EDIT temp_resume/views/default/page_company.html: 0
[2013-04-15 01:57:58] EDIT temp_resume/views/default/page_company.html: 0
[2013-04-15 01:57:58] EDIT temp_resume/views/default/page_company.html: 0
[2013-04-15 01:58:16] EDIT temp_resume/views/default/page_company.html: 0
[2013-04-15 01:58:16] EDIT temp_resume/views/default/page_company.html: 0
[2013-04-15 01:58:46] EDIT temp_resume/views/default/page_company.html: 0
[2013-04-15 01:58:47] EDIT temp_resume/views/default/page_company.html: 0
[2013-04-15 02:02:41] EDIT temp_resume/views/default/page_company.html: -1
[2013-04-15 02:02:41] EDIT temp_resume/views/default/page_company.html: 0
[2013-04-15 02:02:57] EDIT temp_resume/views/default/page_company.html: 0
[2013-04-15 02:02:58] EDIT temp_resume/views/default/page_company.html: 0
[2013-04-15 02:04:51] EDIT temp_resume/views/default/page_company.html: -1
[2013-04-15 02:05:07] EDIT temp_resume/views/default/page_company.html: 0
[2013-04-15 02:06:43] EDIT temp_resume/views/default/page_company.html: 1
[2013-04-15 02:06:54] EDIT temp_resume/views/default/page_company.html: 0
[2013-04-15 02:07:27] EDIT temp_resume/views/default/page_student.html: 0
[2013-04-15 02:08:47] CREATE default/search_page_company.html: 0
[2013-04-15 02:09:28] EDIT temp_resume/views/default/search_page_company.html: 32
[2013-04-15 02:12:05] EDIT temp_resume/views/default/page_company.html: 0
[2013-04-15 02:12:06] EDIT temp_resume/views/default/page_company.html: 0
[2013-04-15 02:18:46] EDIT temp_resume/views/default/page_company.html: 0
[2013-04-15 02:20:03] EDIT temp_resume/views/default/search_page_company.html: 0
[2013-04-15 02:20:03] EDIT temp_resume/views/default/search_page_company.html: 0
[2013-04-30 16:31:23] CREATE images/iiit2.jpg: 0
[2013-04-30 16:31:52] UPLOAD /home/umang/web2py/applications/temp_resume/static/images/iiit2.jpg: 18
[2013-04-30 16:32:23] UPLOAD /home/umang/web2py/applications/temp_resume/static/images/final.jpg: 699
[2013-04-30 16:33:42] EDIT temp_resume/views/layout.html: 0
[2013-04-30 16:33:43] EDIT temp_resume/views/layout.html: 0
[2013-04-30 16:33:43] EDIT temp_resume/views/layout.html: 0
[2013-04-30 16:34:48] EDIT temp_resume/views/default/user.html: 1
[2013-04-30 16:34:48] EDIT temp_resume/views/default/user.html: 0
[2013-04-30 16:34:49] EDIT temp_resume/views/default/user.html: 0
[2013-04-30 16:34:49] EDIT temp_resume/views/default/user.html: 0
[2013-04-30 16:35:45] EDIT temp_resume/views/default/user.html: 0
[2013-04-30 16:58:39] EDIT temp_resume/views/default/page_student2.html: 0
[2013-04-30 16:58:39] EDIT temp_resume/views/default/page_student2.html: 0
[2013-04-30 17:32:55] EDIT temp_resume/views/default/page_company.html: 3
[2013-04-30 17:32:55] EDIT temp_resume/views/default/page_company.html: 0
[2013-04-30 17:32:55] EDIT temp_resume/views/default/page_company.html: 0
[2013-04-30 17:33:23] EDIT temp_resume/views/default/page_company.html: -3
[2013-04-30 17:33:23] EDIT temp_resume/views/default/page_company.html: 0
